2020-03-22 19:39:30,004 0      [           main] DEBUG ache.ibatis.logging.LogFactory  - Logging initialized using 'class org.apache.ibatis.logging.log4j.Log4jImpl' adapter.
2020-03-22 19:39:30,114 110    [           main] DEBUG source.pooled.PooledDataSource  - PooledDataSource forcefully closed/removed all connections.
2020-03-22 19:39:30,115 111    [           main] DEBUG source.pooled.PooledDataSource  - PooledDataSource forcefully closed/removed all connections.
2020-03-22 19:39:30,115 111    [           main] DEBUG source.pooled.PooledDataSource  - PooledDataSource forcefully closed/removed all connections.
2020-03-22 19:39:30,115 111    [           main] DEBUG source.pooled.PooledDataSource  - PooledDataSource forcefully closed/removed all connections.
2020-03-22 19:39:30,192 188    [           main] DEBUG ansaction.jdbc.JdbcTransaction  - Opening JDBC Connection
2020-03-22 19:39:30,443 439    [           main] DEBUG source.pooled.PooledDataSource  - Created connection 827966648.
2020-03-22 19:39:30,444 440    [           main] DEBUG ansaction.jdbc.JdbcTransaction  - Setting autocommit to false on JDBC Connection [com.mysql.jdbc.JDBC4Connection@3159c4b8]
2020-03-22 19:39:30,446 442    [           main] DEBUG m.itheima.dao.IUserDao.findAll  - ==>  Preparing: select * from user 
2020-03-22 19:39:30,470 466    [           main] DEBUG m.itheima.dao.IUserDao.findAll  - ==> Parameters: 
2020-03-22 19:39:30,494 490    [           main] DEBUG m.itheima.dao.IUserDao.findAll  - <==      Total: 7
2020-03-22 19:39:30,497 493    [           main] DEBUG ansaction.jdbc.JdbcTransaction  - Resetting autocommit to true on JDBC Connection [com.mysql.jdbc.JDBC4Connection@3159c4b8]
2020-03-22 19:39:30,498 494    [           main] DEBUG ansaction.jdbc.JdbcTransaction  - Closing JDBC Connection [com.mysql.jdbc.JDBC4Connection@3159c4b8]
2020-03-22 19:39:30,498 494    [           main] DEBUG source.pooled.PooledDataSource  - Returned connection 827966648 to pool.
2020-03-22 20:56:29,944 0      [           main] DEBUG ache.ibatis.logging.LogFactory  - Logging initialized using 'class org.apache.ibatis.logging.log4j.Log4jImpl' adapter.
2020-03-22 20:56:30,044 100    [           main] DEBUG source.pooled.PooledDataSource  - PooledDataSource forcefully closed/removed all connections.
2020-03-22 20:56:30,044 100    [           main] DEBUG source.pooled.PooledDataSource  - PooledDataSource forcefully closed/removed all connections.
2020-03-22 20:56:30,044 100    [           main] DEBUG source.pooled.PooledDataSource  - PooledDataSource forcefully closed/removed all connections.
2020-03-22 20:56:30,044 100    [           main] DEBUG source.pooled.PooledDataSource  - PooledDataSource forcefully closed/removed all connections.
2020-03-22 20:56:30,110 166    [           main] DEBUG ansaction.jdbc.JdbcTransaction  - Opening JDBC Connection
2020-03-22 20:56:30,342 398    [           main] DEBUG source.pooled.PooledDataSource  - Created connection 540159270.
2020-03-22 20:56:30,342 398    [           main] DEBUG ansaction.jdbc.JdbcTransaction  - Setting autocommit to false on JDBC Connection [com.mysql.jdbc.JDBC4Connection@20322d26]
2020-03-22 20:56:30,344 400    [           main] DEBUG m.itheima.dao.IUserDao.findAll  - ==>  Preparing: select * from user 
2020-03-22 20:56:30,368 424    [           main] DEBUG m.itheima.dao.IUserDao.findAll  - ==> Parameters: 
2020-03-22 20:56:30,392 448    [           main] DEBUG m.itheima.dao.IUserDao.findAll  - <==      Total: 7
2020-03-22 20:56:30,396 452    [           main] DEBUG ansaction.jdbc.JdbcTransaction  - Resetting autocommit to true on JDBC Connection [com.mysql.jdbc.JDBC4Connection@20322d26]
2020-03-22 20:56:30,397 453    [           main] DEBUG ansaction.jdbc.JdbcTransaction  - Closing JDBC Connection [com.mysql.jdbc.JDBC4Connection@20322d26]
2020-03-22 20:56:30,397 453    [           main] DEBUG source.pooled.PooledDataSource  - Returned connection 540159270 to pool.
2020-03-22 20:56:50,888 0      [           main] DEBUG ache.ibatis.logging.LogFactory  - Logging initialized using 'class org.apache.ibatis.logging.log4j.Log4jImpl' adapter.
2020-03-22 20:56:50,970 82     [           main] DEBUG source.pooled.PooledDataSource  - PooledDataSource forcefully closed/removed all connections.
2020-03-22 20:56:50,971 83     [           main] DEBUG source.pooled.PooledDataSource  - PooledDataSource forcefully closed/removed all connections.
2020-03-22 20:56:50,971 83     [           main] DEBUG source.pooled.PooledDataSource  - PooledDataSource forcefully closed/removed all connections.
2020-03-22 20:56:50,971 83     [           main] DEBUG source.pooled.PooledDataSource  - PooledDataSource forcefully closed/removed all connections.
2020-03-22 20:57:35,885 0      [           main] DEBUG ache.ibatis.logging.LogFactory  - Logging initialized using 'class org.apache.ibatis.logging.log4j.Log4jImpl' adapter.
2020-03-22 20:57:35,963 78     [           main] DEBUG source.pooled.PooledDataSource  - PooledDataSource forcefully closed/removed all connections.
2020-03-22 20:57:35,963 78     [           main] DEBUG source.pooled.PooledDataSource  - PooledDataSource forcefully closed/removed all connections.
2020-03-22 20:57:35,963 78     [           main] DEBUG source.pooled.PooledDataSource  - PooledDataSource forcefully closed/removed all connections.
2020-03-22 20:57:35,963 78     [           main] DEBUG source.pooled.PooledDataSource  - PooledDataSource forcefully closed/removed all connections.
2020-03-22 20:57:36,033 148    [           main] DEBUG ansaction.jdbc.JdbcTransaction  - Opening JDBC Connection
2020-03-22 20:57:36,241 356    [           main] DEBUG source.pooled.PooledDataSource  - Created connection 1018298342.
2020-03-22 20:57:36,241 356    [           main] DEBUG ansaction.jdbc.JdbcTransaction  - Setting autocommit to false on JDBC Connection [com.mysql.jdbc.JDBC4Connection@3cb1ffe6]
2020-03-22 20:57:36,243 358    [           main] DEBUG .itheima.dao.IUserDao.saveUser  - ==>  Preparing: insert into user(username,address,sex,birthday) value (?,?,?,?); 
2020-03-22 20:57:36,279 394    [           main] DEBUG .itheima.dao.IUserDao.saveUser  - ==> Parameters: 李布盛(String), 光熙门北路(String), 男(String), 2020-03-22 20:57:36.022(Timestamp)
2020-03-22 20:57:36,301 416    [           main] DEBUG .itheima.dao.IUserDao.saveUser  - <==    Updates: 1
2020-03-22 20:57:36,301 416    [           main] DEBUG ansaction.jdbc.JdbcTransaction  - Rolling back JDBC Connection [com.mysql.jdbc.JDBC4Connection@3cb1ffe6]
2020-03-22 20:57:36,309 424    [           main] DEBUG ansaction.jdbc.JdbcTransaction  - Resetting autocommit to true on JDBC Connection [com.mysql.jdbc.JDBC4Connection@3cb1ffe6]
2020-03-22 20:57:36,309 424    [           main] DEBUG ansaction.jdbc.JdbcTransaction  - Closing JDBC Connection [com.mysql.jdbc.JDBC4Connection@3cb1ffe6]
2020-03-22 20:57:36,309 424    [           main] DEBUG source.pooled.PooledDataSource  - Returned connection 1018298342 to pool.
2020-03-22 20:58:34,847 0      [           main] DEBUG ache.ibatis.logging.LogFactory  - Logging initialized using 'class org.apache.ibatis.logging.log4j.Log4jImpl' adapter.
2020-03-22 20:58:34,933 86     [           main] DEBUG source.pooled.PooledDataSource  - PooledDataSource forcefully closed/removed all connections.
2020-03-22 20:58:34,933 86     [           main] DEBUG source.pooled.PooledDataSource  - PooledDataSource forcefully closed/removed all connections.
2020-03-22 20:58:34,934 87     [           main] DEBUG source.pooled.PooledDataSource  - PooledDataSource forcefully closed/removed all connections.
2020-03-22 20:58:34,934 87     [           main] DEBUG source.pooled.PooledDataSource  - PooledDataSource forcefully closed/removed all connections.
2020-03-22 20:58:35,019 172    [           main] DEBUG ansaction.jdbc.JdbcTransaction  - Opening JDBC Connection
2020-03-22 20:58:35,266 419    [           main] DEBUG source.pooled.PooledDataSource  - Created connection 1018298342.
2020-03-22 20:58:35,266 419    [           main] DEBUG ansaction.jdbc.JdbcTransaction  - Setting autocommit to false on JDBC Connection [com.mysql.jdbc.JDBC4Connection@3cb1ffe6]
2020-03-22 20:58:35,268 421    [           main] DEBUG .itheima.dao.IUserDao.saveUser  - ==>  Preparing: insert into user(username,address,sex,birthday) value (?,?,?,?); 
2020-03-22 20:58:35,301 454    [           main] DEBUG .itheima.dao.IUserDao.saveUser  - ==> Parameters: 李布盛(String), 光熙门北路(String), 男(String), 2020-03-22 20:58:35.005(Timestamp)
2020-03-22 20:58:35,303 456    [           main] DEBUG .itheima.dao.IUserDao.saveUser  - <==    Updates: 1
2020-03-22 20:58:35,303 456    [           main] DEBUG ansaction.jdbc.JdbcTransaction  - Committing JDBC Connection [com.mysql.jdbc.JDBC4Connection@3cb1ffe6]
2020-03-22 20:58:35,309 462    [           main] DEBUG ansaction.jdbc.JdbcTransaction  - Resetting autocommit to true on JDBC Connection [com.mysql.jdbc.JDBC4Connection@3cb1ffe6]
2020-03-22 20:58:35,309 462    [           main] DEBUG ansaction.jdbc.JdbcTransaction  - Closing JDBC Connection [com.mysql.jdbc.JDBC4Connection@3cb1ffe6]
2020-03-22 20:58:35,309 462    [           main] DEBUG source.pooled.PooledDataSource  - Returned connection 1018298342 to pool.
2020-03-22 21:05:27,227 0      [           main] DEBUG ache.ibatis.logging.LogFactory  - Logging initialized using 'class org.apache.ibatis.logging.log4j.Log4jImpl' adapter.
2020-03-22 21:05:27,307 80     [           main] DEBUG source.pooled.PooledDataSource  - PooledDataSource forcefully closed/removed all connections.
2020-03-22 21:05:27,307 80     [           main] DEBUG source.pooled.PooledDataSource  - PooledDataSource forcefully closed/removed all connections.
2020-03-22 21:05:27,307 80     [           main] DEBUG source.pooled.PooledDataSource  - PooledDataSource forcefully closed/removed all connections.
2020-03-22 21:05:27,307 80     [           main] DEBUG source.pooled.PooledDataSource  - PooledDataSource forcefully closed/removed all connections.
2020-03-22 21:05:27,381 154    [           main] DEBUG ansaction.jdbc.JdbcTransaction  - Opening JDBC Connection
2020-03-22 21:05:27,604 377    [           main] DEBUG source.pooled.PooledDataSource  - Created connection 1018298342.
2020-03-22 21:05:27,604 377    [           main] DEBUG ansaction.jdbc.JdbcTransaction  - Setting autocommit to false on JDBC Connection [com.mysql.jdbc.JDBC4Connection@3cb1ffe6]
2020-03-22 21:05:27,605 378    [           main] DEBUG .itheima.dao.IUserDao.saveUser  - ==>  Preparing: insert into user(username,address,sex,birthday) value (?,?,?,?); 
2020-03-22 21:05:27,638 411    [           main] DEBUG .itheima.dao.IUserDao.saveUser  - ==> Parameters: 杨幂(String), 西坝河北路(String), 女(String), 2020-03-22 21:05:27.37(Timestamp)
2020-03-22 21:05:27,639 412    [           main] DEBUG .itheima.dao.IUserDao.saveUser  - <==    Updates: 1
2020-03-22 21:05:27,639 412    [           main] DEBUG ansaction.jdbc.JdbcTransaction  - Committing JDBC Connection [com.mysql.jdbc.JDBC4Connection@3cb1ffe6]
2020-03-22 21:05:27,641 414    [           main] DEBUG ansaction.jdbc.JdbcTransaction  - Resetting autocommit to true on JDBC Connection [com.mysql.jdbc.JDBC4Connection@3cb1ffe6]
2020-03-22 21:05:27,641 414    [           main] DEBUG ansaction.jdbc.JdbcTransaction  - Closing JDBC Connection [com.mysql.jdbc.JDBC4Connection@3cb1ffe6]
2020-03-22 21:05:27,642 415    [           main] DEBUG source.pooled.PooledDataSource  - Returned connection 1018298342 to pool.
2020-03-22 21:06:00,508 0      [           main] DEBUG ache.ibatis.logging.LogFactory  - Logging initialized using 'class org.apache.ibatis.logging.log4j.Log4jImpl' adapter.
2020-03-22 21:06:00,590 82     [           main] DEBUG source.pooled.PooledDataSource  - PooledDataSource forcefully closed/removed all connections.
2020-03-22 21:06:00,590 82     [           main] DEBUG source.pooled.PooledDataSource  - PooledDataSource forcefully closed/removed all connections.
2020-03-22 21:06:00,590 82     [           main] DEBUG source.pooled.PooledDataSource  - PooledDataSource forcefully closed/removed all connections.
2020-03-22 21:06:00,590 82     [           main] DEBUG source.pooled.PooledDataSource  - PooledDataSource forcefully closed/removed all connections.
2020-03-22 21:06:00,662 154    [           main] DEBUG ansaction.jdbc.JdbcTransaction  - Opening JDBC Connection
2020-03-22 21:06:00,878 370    [           main] DEBUG source.pooled.PooledDataSource  - Created connection 1018298342.
2020-03-22 21:06:00,878 370    [           main] DEBUG ansaction.jdbc.JdbcTransaction  - Setting autocommit to false on JDBC Connection [com.mysql.jdbc.JDBC4Connection@3cb1ffe6]
2020-03-22 21:06:00,879 371    [           main] DEBUG theima.dao.IUserDao.updateUser  - ==>  Preparing: update user set username=?,address=?,sex=?,birthday=? where id=? 
2020-03-22 21:06:00,905 397    [           main] DEBUG ansaction.jdbc.JdbcTransaction  - Committing JDBC Connection [com.mysql.jdbc.JDBC4Connection@3cb1ffe6]
2020-03-22 21:06:00,905 397    [           main] DEBUG ansaction.jdbc.JdbcTransaction  - Resetting autocommit to true on JDBC Connection [com.mysql.jdbc.JDBC4Connection@3cb1ffe6]
2020-03-22 21:06:00,905 397    [           main] DEBUG ansaction.jdbc.JdbcTransaction  - Closing JDBC Connection [com.mysql.jdbc.JDBC4Connection@3cb1ffe6]
2020-03-22 21:06:00,905 397    [           main] DEBUG source.pooled.PooledDataSource  - Returned connection 1018298342 to pool.
2020-03-22 21:06:42,787 0      [           main] DEBUG ache.ibatis.logging.LogFactory  - Logging initialized using 'class org.apache.ibatis.logging.log4j.Log4jImpl' adapter.
2020-03-22 21:06:42,862 75     [           main] DEBUG source.pooled.PooledDataSource  - PooledDataSource forcefully closed/removed all connections.
2020-03-22 21:06:42,862 75     [           main] DEBUG source.pooled.PooledDataSource  - PooledDataSource forcefully closed/removed all connections.
2020-03-22 21:06:42,862 75     [           main] DEBUG source.pooled.PooledDataSource  - PooledDataSource forcefully closed/removed all connections.
2020-03-22 21:06:42,862 75     [           main] DEBUG source.pooled.PooledDataSource  - PooledDataSource forcefully closed/removed all connections.
2020-03-22 21:06:42,935 148    [           main] DEBUG ansaction.jdbc.JdbcTransaction  - Opening JDBC Connection
2020-03-22 21:06:43,144 357    [           main] DEBUG source.pooled.PooledDataSource  - Created connection 1018298342.
2020-03-22 21:06:43,144 357    [           main] DEBUG ansaction.jdbc.JdbcTransaction  - Setting autocommit to false on JDBC Connection [com.mysql.jdbc.JDBC4Connection@3cb1ffe6]
2020-03-22 21:06:43,145 358    [           main] DEBUG theima.dao.IUserDao.updateUser  - ==>  Preparing: update user set username=?,address=?,sex=?,birthday=? where id=? 
2020-03-22 21:06:43,178 391    [           main] DEBUG theima.dao.IUserDao.updateUser  - ==> Parameters: 杨幂(String), 西坝河北路(String), 女(String), 2020-03-22 21:06:42.923(Timestamp), 50(Integer)
2020-03-22 21:06:43,182 395    [           main] DEBUG theima.dao.IUserDao.updateUser  - <==    Updates: 1
2020-03-22 21:06:43,183 396    [           main] DEBUG ansaction.jdbc.JdbcTransaction  - Committing JDBC Connection [com.mysql.jdbc.JDBC4Connection@3cb1ffe6]
2020-03-22 21:06:43,184 397    [           main] DEBUG ansaction.jdbc.JdbcTransaction  - Resetting autocommit to true on JDBC Connection [com.mysql.jdbc.JDBC4Connection@3cb1ffe6]
2020-03-22 21:06:43,185 398    [           main] DEBUG ansaction.jdbc.JdbcTransaction  - Closing JDBC Connection [com.mysql.jdbc.JDBC4Connection@3cb1ffe6]
2020-03-22 21:06:43,185 398    [           main] DEBUG source.pooled.PooledDataSource  - Returned connection 1018298342 to pool.
2020-03-22 21:13:41,462 0      [           main] DEBUG ache.ibatis.logging.LogFactory  - Logging initialized using 'class org.apache.ibatis.logging.log4j.Log4jImpl' adapter.
2020-03-22 21:13:41,548 86     [           main] DEBUG source.pooled.PooledDataSource  - PooledDataSource forcefully closed/removed all connections.
2020-03-22 21:13:41,548 86     [           main] DEBUG source.pooled.PooledDataSource  - PooledDataSource forcefully closed/removed all connections.
2020-03-22 21:13:41,548 86     [           main] DEBUG source.pooled.PooledDataSource  - PooledDataSource forcefully closed/removed all connections.
2020-03-22 21:13:41,548 86     [           main] DEBUG source.pooled.PooledDataSource  - PooledDataSource forcefully closed/removed all connections.
2020-03-22 21:13:41,636 174    [           main] DEBUG ansaction.jdbc.JdbcTransaction  - Opening JDBC Connection
2020-03-22 21:13:41,862 400    [           main] DEBUG source.pooled.PooledDataSource  - Created connection 1018298342.
2020-03-22 21:13:41,862 400    [           main] DEBUG ansaction.jdbc.JdbcTransaction  - Setting autocommit to false on JDBC Connection [com.mysql.jdbc.JDBC4Connection@3cb1ffe6]
2020-03-22 21:13:41,865 403    [           main] DEBUG theima.dao.IUserDao.deleteUser  - ==>  Preparing: delete from user where id=? 
2020-03-22 21:13:41,903 441    [           main] DEBUG theima.dao.IUserDao.deleteUser  - ==> Parameters: 50(Integer)
2020-03-22 21:13:41,914 452    [           main] DEBUG theima.dao.IUserDao.deleteUser  - <==    Updates: 1
2020-03-22 21:13:41,914 452    [           main] DEBUG ansaction.jdbc.JdbcTransaction  - Committing JDBC Connection [com.mysql.jdbc.JDBC4Connection@3cb1ffe6]
2020-03-22 21:13:41,917 455    [           main] DEBUG ansaction.jdbc.JdbcTransaction  - Resetting autocommit to true on JDBC Connection [com.mysql.jdbc.JDBC4Connection@3cb1ffe6]
2020-03-22 21:13:41,918 456    [           main] DEBUG ansaction.jdbc.JdbcTransaction  - Closing JDBC Connection [com.mysql.jdbc.JDBC4Connection@3cb1ffe6]
2020-03-22 21:13:41,918 456    [           main] DEBUG source.pooled.PooledDataSource  - Returned connection 1018298342 to pool.
2020-03-22 21:17:56,450 0      [           main] DEBUG ache.ibatis.logging.LogFactory  - Logging initialized using 'class org.apache.ibatis.logging.log4j.Log4jImpl' adapter.
2020-03-22 21:17:56,527 77     [           main] DEBUG source.pooled.PooledDataSource  - PooledDataSource forcefully closed/removed all connections.
2020-03-22 21:17:56,527 77     [           main] DEBUG source.pooled.PooledDataSource  - PooledDataSource forcefully closed/removed all connections.
2020-03-22 21:17:56,527 77     [           main] DEBUG source.pooled.PooledDataSource  - PooledDataSource forcefully closed/removed all connections.
2020-03-22 21:17:56,527 77     [           main] DEBUG source.pooled.PooledDataSource  - PooledDataSource forcefully closed/removed all connections.
2020-03-22 21:17:56,600 150    [           main] DEBUG ansaction.jdbc.JdbcTransaction  - Opening JDBC Connection
2020-03-22 21:17:56,813 363    [           main] DEBUG source.pooled.PooledDataSource  - Created connection 1863932867.
2020-03-22 21:17:56,814 364    [           main] DEBUG ansaction.jdbc.JdbcTransaction  - Setting autocommit to false on JDBC Connection [com.mysql.jdbc.JDBC4Connection@6f195bc3]
2020-03-22 21:17:56,815 365    [           main] DEBUG .itheima.dao.IUserDao.findById  - ==>  Preparing: select * from user where id = ? 
2020-03-22 21:17:56,842 392    [           main] DEBUG .itheima.dao.IUserDao.findById  - ==> Parameters: 52(Integer)
2020-03-22 21:17:56,860 410    [           main] DEBUG .itheima.dao.IUserDao.findById  - <==      Total: 1
2020-03-22 21:17:56,863 413    [           main] DEBUG ansaction.jdbc.JdbcTransaction  - Resetting autocommit to true on JDBC Connection [com.mysql.jdbc.JDBC4Connection@6f195bc3]
2020-03-22 21:17:56,864 414    [           main] DEBUG ansaction.jdbc.JdbcTransaction  - Closing JDBC Connection [com.mysql.jdbc.JDBC4Connection@6f195bc3]
2020-03-22 21:17:56,864 414    [           main] DEBUG source.pooled.PooledDataSource  - Returned connection 1863932867 to pool.
2020-03-22 21:18:09,455 0      [           main] DEBUG ache.ibatis.logging.LogFactory  - Logging initialized using 'class org.apache.ibatis.logging.log4j.Log4jImpl' adapter.
2020-03-22 21:18:09,535 80     [           main] DEBUG source.pooled.PooledDataSource  - PooledDataSource forcefully closed/removed all connections.
2020-03-22 21:18:09,535 80     [           main] DEBUG source.pooled.PooledDataSource  - PooledDataSource forcefully closed/removed all connections.
2020-03-22 21:18:09,536 81     [           main] DEBUG source.pooled.PooledDataSource  - PooledDataSource forcefully closed/removed all connections.
2020-03-22 21:18:09,536 81     [           main] DEBUG source.pooled.PooledDataSource  - PooledDataSource forcefully closed/removed all connections.
2020-03-22 21:18:09,610 155    [           main] DEBUG ansaction.jdbc.JdbcTransaction  - Opening JDBC Connection
2020-03-22 21:18:09,813 358    [           main] DEBUG source.pooled.PooledDataSource  - Created connection 1863932867.
2020-03-22 21:18:09,813 358    [           main] DEBUG ansaction.jdbc.JdbcTransaction  - Setting autocommit to false on JDBC Connection [com.mysql.jdbc.JDBC4Connection@6f195bc3]
2020-03-22 21:18:09,815 360    [           main] DEBUG .itheima.dao.IUserDao.findById  - ==>  Preparing: select * from user where id = ? 
2020-03-22 21:18:09,841 386    [           main] DEBUG .itheima.dao.IUserDao.findById  - ==> Parameters: 53(Integer)
2020-03-22 21:18:09,864 409    [           main] DEBUG .itheima.dao.IUserDao.findById  - <==      Total: 1
2020-03-22 21:18:09,867 412    [           main] DEBUG ansaction.jdbc.JdbcTransaction  - Resetting autocommit to true on JDBC Connection [com.mysql.jdbc.JDBC4Connection@6f195bc3]
2020-03-22 21:18:09,867 412    [           main] DEBUG ansaction.jdbc.JdbcTransaction  - Closing JDBC Connection [com.mysql.jdbc.JDBC4Connection@6f195bc3]
2020-03-22 21:18:09,867 412    [           main] DEBUG source.pooled.PooledDataSource  - Returned connection 1863932867 to pool.
2020-03-22 21:24:01,183 0      [           main] DEBUG ache.ibatis.logging.LogFactory  - Logging initialized using 'class org.apache.ibatis.logging.log4j.Log4jImpl' adapter.
2020-03-22 21:24:01,261 78     [           main] DEBUG source.pooled.PooledDataSource  - PooledDataSource forcefully closed/removed all connections.
2020-03-22 21:24:01,261 78     [           main] DEBUG source.pooled.PooledDataSource  - PooledDataSource forcefully closed/removed all connections.
2020-03-22 21:24:01,261 78     [           main] DEBUG source.pooled.PooledDataSource  - PooledDataSource forcefully closed/removed all connections.
2020-03-22 21:24:01,261 78     [           main] DEBUG source.pooled.PooledDataSource  - PooledDataSource forcefully closed/removed all connections.
2020-03-22 21:24:59,130 0      [           main] DEBUG ache.ibatis.logging.LogFactory  - Logging initialized using 'class org.apache.ibatis.logging.log4j.Log4jImpl' adapter.
2020-03-22 21:24:59,207 77     [           main] DEBUG source.pooled.PooledDataSource  - PooledDataSource forcefully closed/removed all connections.
2020-03-22 21:24:59,207 77     [           main] DEBUG source.pooled.PooledDataSource  - PooledDataSource forcefully closed/removed all connections.
2020-03-22 21:24:59,207 77     [           main] DEBUG source.pooled.PooledDataSource  - PooledDataSource forcefully closed/removed all connections.
2020-03-22 21:24:59,207 77     [           main] DEBUG source.pooled.PooledDataSource  - PooledDataSource forcefully closed/removed all connections.
2020-03-22 21:26:08,914 0      [           main] DEBUG ache.ibatis.logging.LogFactory  - Logging initialized using 'class org.apache.ibatis.logging.log4j.Log4jImpl' adapter.
2020-03-22 21:26:09,000 86     [           main] DEBUG source.pooled.PooledDataSource  - PooledDataSource forcefully closed/removed all connections.
2020-03-22 21:26:09,000 86     [           main] DEBUG source.pooled.PooledDataSource  - PooledDataSource forcefully closed/removed all connections.
2020-03-22 21:26:09,000 86     [           main] DEBUG source.pooled.PooledDataSource  - PooledDataSource forcefully closed/removed all connections.
2020-03-22 21:26:09,000 86     [           main] DEBUG source.pooled.PooledDataSource  - PooledDataSource forcefully closed/removed all connections.
2020-03-22 21:27:19,191 0      [           main] DEBUG ache.ibatis.logging.LogFactory  - Logging initialized using 'class org.apache.ibatis.logging.log4j.Log4jImpl' adapter.
2020-03-22 21:27:19,276 85     [           main] DEBUG source.pooled.PooledDataSource  - PooledDataSource forcefully closed/removed all connections.
2020-03-22 21:27:19,276 85     [           main] DEBUG source.pooled.PooledDataSource  - PooledDataSource forcefully closed/removed all connections.
2020-03-22 21:27:19,276 85     [           main] DEBUG source.pooled.PooledDataSource  - PooledDataSource forcefully closed/removed all connections.
2020-03-22 21:27:19,276 85     [           main] DEBUG source.pooled.PooledDataSource  - PooledDataSource forcefully closed/removed all connections.
2020-03-22 21:27:19,352 161    [           main] DEBUG ansaction.jdbc.JdbcTransaction  - Opening JDBC Connection
2020-03-22 21:27:19,568 377    [           main] DEBUG source.pooled.PooledDataSource  - Created connection 1863932867.
2020-03-22 21:27:19,568 377    [           main] DEBUG ansaction.jdbc.JdbcTransaction  - Setting autocommit to false on JDBC Connection [com.mysql.jdbc.JDBC4Connection@6f195bc3]
2020-03-22 21:27:19,570 379    [           main] DEBUG theima.dao.IUserDao.findByName  - ==>  Preparing: select * from user where username like ? 
2020-03-22 21:27:19,596 405    [           main] DEBUG theima.dao.IUserDao.findByName  - ==> Parameters: %王%(String)
2020-03-22 21:27:19,617 426    [           main] DEBUG theima.dao.IUserDao.findByName  - <==      Total: 4
2020-03-22 21:27:19,619 428    [           main] DEBUG ansaction.jdbc.JdbcTransaction  - Resetting autocommit to true on JDBC Connection [com.mysql.jdbc.JDBC4Connection@6f195bc3]
2020-03-22 21:27:19,620 429    [           main] DEBUG ansaction.jdbc.JdbcTransaction  - Closing JDBC Connection [com.mysql.jdbc.JDBC4Connection@6f195bc3]
2020-03-22 21:27:19,620 429    [           main] DEBUG source.pooled.PooledDataSource  - Returned connection 1863932867 to pool.
2020-03-22 21:39:22,166 0      [           main] DEBUG ache.ibatis.logging.LogFactory  - Logging initialized using 'class org.apache.ibatis.logging.log4j.Log4jImpl' adapter.
2020-03-22 21:39:22,245 79     [           main] DEBUG source.pooled.PooledDataSource  - PooledDataSource forcefully closed/removed all connections.
2020-03-22 21:39:22,245 79     [           main] DEBUG source.pooled.PooledDataSource  - PooledDataSource forcefully closed/removed all connections.
2020-03-22 21:39:22,245 79     [           main] DEBUG source.pooled.PooledDataSource  - PooledDataSource forcefully closed/removed all connections.
2020-03-22 21:39:22,245 79     [           main] DEBUG source.pooled.PooledDataSource  - PooledDataSource forcefully closed/removed all connections.
2020-03-22 21:39:22,331 165    [           main] DEBUG ansaction.jdbc.JdbcTransaction  - Opening JDBC Connection
2020-03-22 21:39:22,567 401    [           main] DEBUG source.pooled.PooledDataSource  - Created connection 1863932867.
2020-03-22 21:39:22,567 401    [           main] DEBUG ansaction.jdbc.JdbcTransaction  - Setting autocommit to false on JDBC Connection [com.mysql.jdbc.JDBC4Connection@6f195bc3]
2020-03-22 21:39:22,568 402    [           main] DEBUG theima.dao.IUserDao.findByName  - ==>  Preparing: select * from user where username like ? 
2020-03-22 21:39:22,595 429    [           main] DEBUG theima.dao.IUserDao.findByName  - ==> Parameters: %王%(String)
2020-03-22 21:39:22,619 453    [           main] DEBUG theima.dao.IUserDao.findByName  - <==      Total: 4
2020-03-22 21:39:22,622 456    [           main] DEBUG ansaction.jdbc.JdbcTransaction  - Resetting autocommit to true on JDBC Connection [com.mysql.jdbc.JDBC4Connection@6f195bc3]
2020-03-22 21:39:22,622 456    [           main] DEBUG ansaction.jdbc.JdbcTransaction  - Closing JDBC Connection [com.mysql.jdbc.JDBC4Connection@6f195bc3]
2020-03-22 21:39:22,622 456    [           main] DEBUG source.pooled.PooledDataSource  - Returned connection 1863932867 to pool.
2020-03-22 21:39:28,001 1      [           main] DEBUG ache.ibatis.logging.LogFactory  - Logging initialized using 'class org.apache.ibatis.logging.log4j.Log4jImpl' adapter.
2020-03-22 21:39:28,088 88     [           main] DEBUG source.pooled.PooledDataSource  - PooledDataSource forcefully closed/removed all connections.
2020-03-22 21:39:28,088 88     [           main] DEBUG source.pooled.PooledDataSource  - PooledDataSource forcefully closed/removed all connections.
2020-03-22 21:39:28,088 88     [           main] DEBUG source.pooled.PooledDataSource  - PooledDataSource forcefully closed/removed all connections.
2020-03-22 21:39:28,088 88     [           main] DEBUG source.pooled.PooledDataSource  - PooledDataSource forcefully closed/removed all connections.
2020-03-22 21:39:28,164 164    [           main] DEBUG ansaction.jdbc.JdbcTransaction  - Opening JDBC Connection
2020-03-22 21:39:28,390 390    [           main] DEBUG source.pooled.PooledDataSource  - Created connection 1863932867.
2020-03-22 21:39:28,391 391    [           main] DEBUG ansaction.jdbc.JdbcTransaction  - Setting autocommit to false on JDBC Connection [com.mysql.jdbc.JDBC4Connection@6f195bc3]
2020-03-22 21:39:28,392 392    [           main] DEBUG itheima.dao.IUserDao.findTotal  - ==>  Preparing: select count(id) from user 
2020-03-22 21:39:28,419 419    [           main] DEBUG itheima.dao.IUserDao.findTotal  - ==> Parameters: 
2020-03-22 21:39:28,450 450    [           main] DEBUG itheima.dao.IUserDao.findTotal  - <==      Total: 1
2020-03-22 21:39:28,450 450    [           main] DEBUG ansaction.jdbc.JdbcTransaction  - Resetting autocommit to true on JDBC Connection [com.mysql.jdbc.JDBC4Connection@6f195bc3]
2020-03-22 21:39:28,450 450    [           main] DEBUG ansaction.jdbc.JdbcTransaction  - Closing JDBC Connection [com.mysql.jdbc.JDBC4Connection@6f195bc3]
2020-03-22 21:39:28,451 451    [           main] DEBUG source.pooled.PooledDataSource  - Returned connection 1863932867 to pool.
2020-03-22 22:06:17,541 0      [           main] DEBUG ache.ibatis.logging.LogFactory  - Logging initialized using 'class org.apache.ibatis.logging.log4j.Log4jImpl' adapter.
2020-03-22 22:06:17,636 95     [           main] DEBUG source.pooled.PooledDataSource  - PooledDataSource forcefully closed/removed all connections.
2020-03-22 22:06:17,636 95     [           main] DEBUG source.pooled.PooledDataSource  - PooledDataSource forcefully closed/removed all connections.
2020-03-22 22:06:17,637 96     [           main] DEBUG source.pooled.PooledDataSource  - PooledDataSource forcefully closed/removed all connections.
2020-03-22 22:06:17,637 96     [           main] DEBUG source.pooled.PooledDataSource  - PooledDataSource forcefully closed/removed all connections.
2020-03-22 22:06:17,726 185    [           main] DEBUG ansaction.jdbc.JdbcTransaction  - Opening JDBC Connection
2020-03-22 22:06:17,966 425    [           main] DEBUG source.pooled.PooledDataSource  - Created connection 1373810119.
2020-03-22 22:06:17,966 425    [           main] DEBUG ansaction.jdbc.JdbcTransaction  - Setting autocommit to false on JDBC Connection [com.mysql.jdbc.JDBC4Connection@51e2adc7]
2020-03-22 22:06:17,968 427    [           main] DEBUG theima.dao.IUserDao.findByName  - ==>  Preparing: select * from user where username like ? 
2020-03-22 22:06:17,994 453    [           main] DEBUG theima.dao.IUserDao.findByName  - ==> Parameters: %王%(String)
2020-03-22 22:06:18,018 477    [           main] DEBUG theima.dao.IUserDao.findByName  - <==      Total: 4
2020-03-22 22:06:18,021 480    [           main] DEBUG ansaction.jdbc.JdbcTransaction  - Resetting autocommit to true on JDBC Connection [com.mysql.jdbc.JDBC4Connection@51e2adc7]
2020-03-22 22:06:18,021 480    [           main] DEBUG ansaction.jdbc.JdbcTransaction  - Closing JDBC Connection [com.mysql.jdbc.JDBC4Connection@51e2adc7]
2020-03-22 22:06:18,022 481    [           main] DEBUG source.pooled.PooledDataSource  - Returned connection 1373810119 to pool.
